<?xml version="1.0" encoding="UTF-8"?>
<!-- Generated by org.testng.reporters.JUnitReportReporter -->
<testsuite skipped="0" hostname="LAPTOP-44T5F1BL" name="com.training.sanity.tests.DeleteMultipleTest" tests="1" failures="0" timestamp="2020-07-03T21:15:44 IST" time="18.029" errors="0">
  <testcase name="validLoginTest" time="18.029" classname="com.training.sanity.tests.DeleteMultipleTest"/>
  <system-out/>
</testsuite> <!-- com.training.sanity.tests.DeleteMultipleTest -->
