<?xml version="1.0" encoding="UTF-8"?>
<!-- Generated by org.testng.reporters.JUnitReportReporter -->
<testsuite skipped="0" hostname="LAPTOP-44T5F1BL" name="com.training.sanity.tests.DeleteCatlogTest" tests="1" failures="0" timestamp="2020-07-04T23:05:27 IST" time="14.534" errors="0">
  <testcase name="validLoginTest" time="14.534" classname="com.training.sanity.tests.DeleteCatlogTest"/>
  <system-out/>
</testsuite> <!-- com.training.sanity.tests.DeleteCatlogTest -->
