<?xml version="1.0" encoding="UTF-8"?>
<!-- Generated by org.testng.reporters.JUnitReportReporter -->
<testsuite skipped="0" hostname="LAPTOP-44T5F1BL" name="com.training.sanity.tests.Simple2_SelectCategory" tests="1" failures="0" timestamp="2020-07-05T12:25:24 IST" time="56.260" errors="0">
  <testcase name="validLoginTest" time="56.260" classname="com.training.sanity.tests.Simple2_SelectCategory"/>
  <system-out/>
</testsuite> <!-- com.training.sanity.tests.Simple2_SelectCategory -->
