<?xml version="1.0" encoding="UTF-8"?>
<!-- Generated by org.testng.reporters.JUnitReportReporter -->
<testsuite skipped="0" hostname="LAPTOP-44T5F1BL" name="com.training.sanity.tests.CatlogTest2" tests="1" failures="0" timestamp="2020-06-30T12:38:57 IST" time="19.274" errors="0">
  <testcase name="validLoginTest" time="19.274" classname="com.training.sanity.tests.CatlogTest2"/>
  <system-out/>
</testsuite> <!-- com.training.sanity.tests.CatlogTest2 -->
