<?xml version="1.0" encoding="UTF-8"?>
<!-- Generated by org.testng.reporters.JUnitReportReporter -->
<testsuite skipped="0" hostname="LAPTOP-44T5F1BL" name="com.training.sanity.tests.M1_DeleteMultipleCategory" tests="1" failures="0" timestamp="2020-07-05T22:44:48 IST" time="17.010" errors="0">
  <testcase name="validLoginTest" time="17.010" classname="com.training.sanity.tests.M1_DeleteMultipleCategory"/>
  <system-out/>
</testsuite> <!-- com.training.sanity.tests.M1_DeleteMultipleCategory -->
