<?xml version="1.0" encoding="UTF-8"?>
<!-- Generated by org.testng.reporters.JUnitReportReporter -->
<testsuite skipped="0" hostname="LAPTOP-44T5F1BL" name="com.training.sanity.tests.CatlogTest" tests="1" failures="0" timestamp="2020-06-29T22:13:29 IST" time="15.041" errors="0">
  <testcase name="validLoginTest" time="15.041" classname="com.training.sanity.tests.CatlogTest"/>
  <system-out/>
</testsuite> <!-- com.training.sanity.tests.CatlogTest -->
