<?xml version="1.0" encoding="UTF-8"?>
<!-- Generated by org.testng.reporters.JUnitReportReporter -->
<testsuite skipped="0" hostname="LAPTOP-44T5F1BL" name="com.training.sanity.tests.FilterTest" tests="1" failures="0" timestamp="2020-07-04T17:33:16 IST" time="29.670" errors="0">
  <testcase name="validLoginTest" time="29.670" classname="com.training.sanity.tests.FilterTest"/>
  <system-out/>
</testsuite> <!-- com.training.sanity.tests.FilterTest -->
