<?xml version="1.0" encoding="UTF-8"?>
<!-- Generated by org.testng.reporters.JUnitReportReporter -->
<testsuite skipped="0" hostname="LAPTOP-44T5F1BL" name="com.training.sanity.tests.Simple1_Login" tests="1" failures="0" timestamp="2020-07-05T12:22:21 IST" time="16.886" errors="0">
  <testcase name="validLoginTest" time="16.886" classname="com.training.sanity.tests.Simple1_Login"/>
  <system-out/>
</testsuite> <!-- com.training.sanity.tests.Simple1_Login -->
