<?xml version="1.0" encoding="UTF-8"?>
<!-- Generated by org.testng.reporters.JUnitReportReporter -->
<testsuite skipped="0" hostname="LAPTOP-44T5F1BL" name="com.training.sanity.tests.Simple3_DeleteCategory" tests="1" failures="0" timestamp="2020-07-05T12:43:36 IST" time="20.987" errors="0">
  <testcase name="validLoginTest" time="20.987" classname="com.training.sanity.tests.Simple3_DeleteCategory"/>
  <system-out/>
</testsuite> <!-- com.training.sanity.tests.Simple3_DeleteCategory -->
