<?xml version="1.0" encoding="UTF-8"?>
<!-- Generated by org.testng.reporters.JUnitReportReporter -->
<testsuite skipped="0" hostname="LAPTOP-44T5F1BL" name="com.training.regression.tests.LoginDBTest" tests="1" failures="0" timestamp="2020-07-12T12:20:57 IST" time="16.558" errors="0">
  <testcase name="loginDBTest" time="16.558" classname="com.training.regression.tests.LoginDBTest"/>
  <system-out/>
</testsuite> <!-- com.training.regression.tests.LoginDBTest -->
