<?xml version="1.0" encoding="UTF-8"?>
<!-- Generated by org.testng.reporters.JUnitReportReporter -->
<testsuite skipped="0" hostname="LAPTOP-44T5F1BL" name="com.training.sanity.tests.LoginTests" tests="1" failures="0" timestamp="2020-07-02T10:53:52 IST" time="17.733" errors="0">
  <testcase name="validLoginTest" time="17.733" classname="com.training.sanity.tests.LoginTests"/>
  <system-out/>
</testsuite> <!-- com.training.sanity.tests.LoginTests -->
