<?xml version="1.0" encoding="UTF-8"?>
<!-- Generated by org.testng.reporters.JUnitReportReporter -->
<testsuite skipped="0" hostname="LAPTOP-44T5F1BL" name="com.training.sanity.tests.M3_AddProduct" tests="1" failures="0" timestamp="2020-07-05T23:01:50 IST" time="20.932" errors="0">
  <testcase name="validLoginTest" time="20.932" classname="com.training.sanity.tests.M3_AddProduct"/>
  <system-out/>
</testsuite> <!-- com.training.sanity.tests.M3_AddProduct -->
