<?xml version="1.0" encoding="UTF-8"?>
<!-- Generated by org.testng.reporters.JUnitReportReporter -->
<testsuite skipped="0" hostname="LAPTOP-44T5F1BL" name="com.training.sanity.tests.M2_ApplyFilter" tests="1" failures="0" timestamp="2020-07-05T22:49:47 IST" time="24.750" errors="0">
  <testcase name="validLoginTest" time="24.750" classname="com.training.sanity.tests.M2_ApplyFilter"/>
  <system-out/>
</testsuite> <!-- com.training.sanity.tests.M2_ApplyFilter -->
