<?xml version="1.0" encoding="UTF-8"?>
<!-- Generated by org.testng.reporters.JUnitReportReporter -->
<testsuite skipped="0" hostname="LAPTOP-44T5F1BL" name="com.training.sanity.tests.DeleteCatlogTest" tests="1" failures="0" timestamp="2020-07-02T11:56:33 IST" time="16.759" errors="0">
  <testcase name="validLoginTest" time="16.759" classname="com.training.sanity.tests.DeleteCatlogTest"/>
  <system-out/>
</testsuite> <!-- com.training.sanity.tests.DeleteCatlogTest -->
