<?xml version="1.0" encoding="UTF-8"?>
<!-- Generated by org.testng.reporters.JUnitReportReporter -->
<testsuite skipped="0" hostname="LAPTOP-44T5F1BL" name="com.training.sanity.tests.CatlogTest1" tests="1" failures="0" timestamp="2020-06-29T21:25:50 IST" time="13.552" errors="0">
  <testcase name="validLoginTest" time="13.552" classname="com.training.sanity.tests.CatlogTest1"/>
  <system-out/>
</testsuite> <!-- com.training.sanity.tests.CatlogTest1 -->
