<?xml version="1.0" encoding="UTF-8"?>
<!-- Generated by org.testng.reporters.JUnitReportReporter -->
<testsuite skipped="0" hostname="LAPTOP-44T5F1BL" name="com.training.sanity.tests.AddProductTest" tests="1" failures="0" timestamp="2020-07-04T17:56:52 IST" time="25.807" errors="0">
  <testcase name="validLoginTest" time="25.807" classname="com.training.sanity.tests.AddProductTest"/>
  <system-out/>
</testsuite> <!-- com.training.sanity.tests.AddProductTest -->
