<?xml version="1.0" encoding="UTF-8"?>
<!-- Generated by org.testng.reporters.JUnitReportReporter -->
<testsuite skipped="0" hostname="LAPTOP-44T5F1BL" name="com.training.sanity.tests.DeleteCatlogTest" tests="1" failures="0" timestamp="2020-06-30T12:39:46 IST" time="19.326" errors="0">
  <testcase name="validLoginTest" time="19.326" classname="com.training.sanity.tests.DeleteCatlogTest"/>
  <system-out/>
</testsuite> <!-- com.training.sanity.tests.DeleteCatlogTest -->
